18:34:16 **** Incremental Build of configuration Debug for project Project_3 ****
make all 
Building file: ../main.c
Invoking: AVR Compiler
avr-gcc -Wall -g2 -gstabs -O0 -fpack-struct -fshort-enums -ffunction-sections -fdata-sections -std=gnu99 -funsigned-char -funsigned-bitfields -mmcu=atmega16 -DF_CPU=1000000UL -MMD -MP -MF"main.d" -MT"main.o" -c -o "main.o" "../main.c"
Finished building: ../main.c
 
Building target: Project_3.elf
Invoking: AVR C Linker
avr-gcc -Wl,-Map,Project_3.map -mmcu=atmega16 -o "Project_3.elf"  ./ADC_Program.o ./DC_Motor.o ./GPIO_Program.o ./LCD_Program.o ./Timer0.o ./lm35_sensor.o ./main.o   
Finished building target: Project_3.elf
 
Invoking: AVR Create Extended Listing
avr-objdump -h -S Project_3.elf  >"Project_3.lss"
Finished building: Project_3.lss
 
Invoking: Print Size
avr-size --format=avr --mcu=atmega16 Project_3.elf
AVR Memory Usage
----------------
Device: atmega16

Program:    9718 bytes (59.3% Full)
(.text + .data + .bootloader)

Data:        294 bytes (28.7% Full)
(.data + .bss + .noinit)


Finished building: sizedummy
 

18:34:16 Build Finished. 0 errors, 0 warnings. (took 628ms)

